<?xml version="1.0" encoding="UTF-8"?>
<!-- Generated by org.testng.reporters.JUnitXMLReporter -->
<testsuite ignored="0" hostname="LIN-644C0J3" failures="0" tests="7" name="Test" time="74.36" errors="0" timestamp="2024-04-01T16:38:44 IST">
  <testcase classname="StepDefinition.ExcelStepDef" name="TestExcel" time="5.885"/>
  <testcase classname="StepDefinition.ExcelStepDef" name="TestExcel" time="4.149"/>
  <testcase classname="io.cucumber.testng.AbstractTestNGCucumberTests" name="runScenario" time="8.576"/>
  <testcase classname="io.cucumber.testng.AbstractTestNGCucumberTests" name="runScenario" time="7.656"/>
  <testcase classname="io.cucumber.testng.AbstractTestNGCucumberTests" name="runScenario" time="7.575"/>
  <testcase classname="io.cucumber.testng.AbstractTestNGCucumberTests" name="runScenario" time="28.495"/>
  <testcase classname="io.cucumber.testng.AbstractTestNGCucumberTests" name="runScenario" time="8.56"/>
</testsuite> <!-- Test -->
