<?xml version="1.0" encoding="UTF-8"?>
<testng-results ignored="0" total="7" passed="7" failed="0" skipped="0">
  <reporter-output>
  </reporter-output>
  <suite started-at="2024-04-01T16:37:29 IST" name="Suite" finished-at="2024-04-01T16:38:44 IST" duration-ms="74360">
    <groups>
      <group name="cucumber">
        <method signature="AbstractTestNGCucumberTests.runScenario(io.cucumber.testng.PickleWrapper,io.cucumber.testng.FeatureWrapper)[pri:0, instance:Runner.runnerclass@538613b3]" name="runScenario" class="io.cucumber.testng.AbstractTestNGCucumberTests"/>
      </group> <!-- cucumber -->
    </groups>
    <test started-at="2024-04-01T16:37:29 IST" name="Test" finished-at="2024-04-01T16:38:44 IST" duration-ms="74360">
      <class name="Runner.runnerclass">
        <test-method is-config="true" signature="setUpClass(org.testng.ITestContext)[pri:0, instance:Runner.runnerclass@538613b3]" started-at="2024-04-01T16:37:40 IST" name="setUpClass" finished-at="2024-04-01T16:37:40 IST" duration-ms="404" status="PASS">
          <params>
            <param index="0">
              <value>
                <![CDATA[org.testng.TestRunner@1791e231]]>
              </value>
            </param>
          </params>
          <reporter-output>
          </reporter-output>
        </test-method> <!-- setUpClass -->
        <test-method signature="runScenario(io.cucumber.testng.PickleWrapper,io.cucumber.testng.FeatureWrapper)[pri:0, instance:Runner.runnerclass@538613b3]" started-at="2024-04-01T16:37:40 IST" name="runScenario" description="Runs Cucumber Scenarios" data-provider="scenarios" finished-at="2024-04-01T16:37:49 IST" duration-ms="8576" status="PASS">
          <params>
            <param index="0">
              <value>
                <![CDATA["On the Corporate Training Page Clicking on Connect With Us button(+ve test case)"]]>
              </value>
            </param>
            <param index="1">
              <value>
                <![CDATA["Edureka Corporate Training Page"]]>
              </value>
            </param>
          </params>
          <reporter-output>
          </reporter-output>
        </test-method> <!-- runScenario -->
        <test-method signature="runScenario(io.cucumber.testng.PickleWrapper,io.cucumber.testng.FeatureWrapper)[pri:0, instance:Runner.runnerclass@538613b3]" started-at="2024-04-01T16:37:49 IST" name="runScenario" description="Runs Cucumber Scenarios" data-provider="scenarios" finished-at="2024-04-01T16:37:57 IST" duration-ms="7656" status="PASS">
          <params>
            <param index="0">
              <value>
                <![CDATA["On the Corporate Training Page Clicking on Connect With Us button(-ve test case)"]]>
              </value>
            </param>
            <param index="1">
              <value>
                <![CDATA["Edureka Corporate Training Page"]]>
              </value>
            </param>
          </params>
          <reporter-output>
          </reporter-output>
        </test-method> <!-- runScenario -->
        <test-method signature="runScenario(io.cucumber.testng.PickleWrapper,io.cucumber.testng.FeatureWrapper)[pri:0, instance:Runner.runnerclass@538613b3]" started-at="2024-04-01T16:37:57 IST" name="runScenario" description="Runs Cucumber Scenarios" data-provider="scenarios" finished-at="2024-04-01T16:38:04 IST" duration-ms="7575" status="PASS">
          <params>
            <param index="0">
              <value>
                <![CDATA["On the Corporate Training Page Clicking on Cloud computing and clicking on a topic"]]>
              </value>
            </param>
            <param index="1">
              <value>
                <![CDATA["Edureka Corporate Training Page"]]>
              </value>
            </param>
          </params>
          <reporter-output>
          </reporter-output>
        </test-method> <!-- runScenario -->
        <test-method signature="runScenario(io.cucumber.testng.PickleWrapper,io.cucumber.testng.FeatureWrapper)[pri:0, instance:Runner.runnerclass@538613b3]" started-at="2024-04-01T16:38:04 IST" name="runScenario" description="Runs Cucumber Scenarios" data-provider="scenarios" finished-at="2024-04-01T16:38:33 IST" duration-ms="28495" status="PASS">
          <params>
            <param index="0">
              <value>
                <![CDATA["On the Corporate Training Page Clicking on Mobile Development and clicking on a topic"]]>
              </value>
            </param>
            <param index="1">
              <value>
                <![CDATA["Edureka Corporate Training Page"]]>
              </value>
            </param>
          </params>
          <reporter-output>
          </reporter-output>
        </test-method> <!-- runScenario -->
        <test-method signature="runScenario(io.cucumber.testng.PickleWrapper,io.cucumber.testng.FeatureWrapper)[pri:0, instance:Runner.runnerclass@538613b3]" started-at="2024-04-01T16:38:33 IST" name="runScenario" description="Runs Cucumber Scenarios" data-provider="scenarios" finished-at="2024-04-01T16:38:41 IST" duration-ms="8560" status="PASS">
          <params>
            <param index="0">
              <value>
                <![CDATA["On the Corporate Training Page clicking on download full course"]]>
              </value>
            </param>
            <param index="1">
              <value>
                <![CDATA["Edureka Corporate Training Page"]]>
              </value>
            </param>
          </params>
          <reporter-output>
          </reporter-output>
        </test-method> <!-- runScenario -->
        <test-method is-config="true" signature="tearDownClass()[pri:0, instance:Runner.runnerclass@538613b3]" started-at="2024-04-01T16:38:41 IST" name="tearDownClass" finished-at="2024-04-01T16:38:44 IST" duration-ms="2349" status="PASS">
          <reporter-output>
          </reporter-output>
        </test-method> <!-- tearDownClass -->
      </class> <!-- Runner.runnerclass -->
      <class name="StepDefinition.ExcelStepDef">
        <test-method signature="TestExcel(java.lang.String,java.lang.String,java.lang.String,java.lang.String)[pri:0, instance:StepDefinition.ExcelStepDef@3bd7f8dc]" started-at="2024-04-01T16:37:30 IST" name="TestExcel" data-provider="loginData" finished-at="2024-04-01T16:37:36 IST" duration-ms="5885" status="PASS">
          <params>
            <param index="0">
              <value>
                <![CDATA[Harini]]>
              </value>
            </param>
            <param index="1">
              <value>
                <![CDATA[For Corporate]]>
              </value>
            </param>
            <param index="2">
              <value>
                <![CDATA[harini05@gmail.com]]>
              </value>
            </param>
            <param index="3">
              <value>
                <![CDATA[3861052287]]>
              </value>
            </param>
          </params>
          <reporter-output>
          </reporter-output>
        </test-method> <!-- TestExcel -->
        <test-method signature="TestExcel(java.lang.String,java.lang.String,java.lang.String,java.lang.String)[pri:0, instance:StepDefinition.ExcelStepDef@3bd7f8dc]" started-at="2024-04-01T16:37:36 IST" name="TestExcel" data-provider="loginData" finished-at="2024-04-01T16:37:40 IST" duration-ms="4149" status="PASS">
          <params>
            <param index="0">
              <value>
                <![CDATA[Jack]]>
              </value>
            </param>
            <param index="1">
              <value>
                <![CDATA[For Myself]]>
              </value>
            </param>
            <param index="2">
              <value>
                <![CDATA[jack#gmail.com]]>
              </value>
            </param>
            <param index="3">
              <value>
                <![CDATA[5330971345]]>
              </value>
            </param>
          </params>
          <reporter-output>
          </reporter-output>
        </test-method> <!-- TestExcel -->
      </class> <!-- StepDefinition.ExcelStepDef -->
    </test> <!-- Test -->
  </suite> <!-- Suite -->
</testng-results>
